Nov  9 17:46:14 host lfd[723779]: Daemon started on host.revolutionarytechnology.net - csf v2.15.07 (cpanel)
Nov  9 17:46:14 host lfd[723779]: csf is currently restarting - command [/usr/bin/systemctl is-active firewalld] skipped on line 556
Nov  9 17:46:15 host lfd[723779]: LF_APACHE_ERRPORT: Set to [2]
Nov  9 17:46:15 host lfd[723779]: Restricting syslog/rsyslog socket acccess to group [mysyslog]...
Nov  9 17:46:15 host lfd[723779]: Invalid entry in csf.ignore: [http://list.iblocklist.com/?list=lakuncfhfhgiqghqxjzi&fileformat=cidr&archiveformat=zip&username=configserver&pin=506819]
Nov  9 17:46:15 host lfd[723779]: Invalid entry in csf.ignore: [http://list.iblocklist.com/?list=chykyvyiwrfszbqynhnd&fileformat=cidr&archiveformat=zip&username=configserver&pin=506819]
Nov  9 17:46:15 host lfd[723779]: Invalid entry in csf.ignore: [http://list.iblocklist.com/?list=imlmncgrkbnacgcwfjvh&fileformat=cidr&archiveformat=zip&username=configserver&pin=506819]
Nov  9 17:46:15 host lfd[723779]: Invalid entry in csf.ignore: [http://list.iblocklist.com/?list=xshktygkujudfnjfioro&fileformat=cidr&archiveformat=zip&username=configserver&pin=506819]
Nov  9 17:46:15 host lfd[723779]: EasyApache4, using /etc/apache2/logs/error_log instead of /usr/local/apache/logs/error_log (Web Server)
Nov  9 17:46:15 host lfd[723779]: EasyApache4, using /etc/apache2/logs/error_log instead of /var/log/modsec_compat.log {ModSecurity}
Nov  9 17:46:15 host lfd[723779]: CSF Tracking...
Nov  9 17:46:15 host lfd[723779]: csf is currently restarting - command [/sbin/iptables --wait -L LOCALINPUT -n] skipped on line 3493
Nov  9 17:46:15 host lfd[723779]: IPv6 Enabled...
Nov  9 17:46:15 host lfd[723779]: LOAD Tracking...
Nov  9 17:46:15 host lfd[723779]: Blocklist Tracking...
Nov  9 17:46:15 host lfd[723779]: Country Code Lookups...
Nov  9 17:46:15 host lfd[723779]: Country Code Filters...
Nov  9 17:46:15 host lfd[723779]: System Integrity Tracking...
Nov  9 17:46:15 host lfd[723779]: Exploit Tracking...
Nov  9 17:46:15 host lfd[723801]: csf is currently restarting - command [/usr/bin/md5sum --check /var/lib/csf/csf.tempint] skipped on line 7775
Nov  9 17:46:15 host lfd[723798]: *LOAD* 5 minute load average is 37.98, threshold is 6 - email sent
Nov  9 17:46:15 host lfd[723798]: csf is currently restarting - command [/bin/ps axuf] skipped on line 3690
Nov  9 17:46:15 host lfd[723779]: Directory Watching...
Nov  9 17:46:15 host lfd[723779]: Email Queue Tracking...
Nov  9 17:46:15 host lfd[723779]: ModSecurity IP D/B Tracking...
Nov  9 17:46:15 host lfd[723779]: Email Relay Tracking...
Nov  9 17:46:15 host lfd[723779]: Temp to Perm Block Tracking...
Nov  9 17:46:15 host lfd[723779]: Netblock Tracking...
Nov  9 17:46:15 host lfd[723779]: System Statistics...
Nov  9 17:46:15 host lfd[723804]: csf is currently restarting - command [/usr/sbin/exim -bpc] skipped on line 3819
Nov  9 17:46:15 host lfd[723779]: Port Scan Tracking...
Nov  9 17:46:15 host lfd[723779]: Connection Tracking...
Nov  9 17:46:15 host lfd[723779]: Process Tracking...
Nov  9 17:46:15 host lfd[723779]: Account Tracking...
Nov  9 17:46:15 host lfd[723779]: SSH Tracking...
Nov  9 17:46:15 host lfd[723779]: Webmin Tracking...
Nov  9 17:46:15 host lfd[723779]: SU Tracking...
Nov  9 17:46:15 host lfd[723779]: Console Tracking...
Nov  9 17:46:15 host lfd[723779]: WHM Tracking...
Nov  9 17:46:15 host lfd[723779]: RESTRICT_SYSLOG: Unix socket permissions reapplied. Reopening log files...
Nov  9 17:46:15 host lfd[723779]: Watching /var/log/customlog...
Nov  9 17:46:15 host lfd[723779]: Watching /var/log/maillog...
Nov  9 17:46:15 host lfd[723779]: Watching /etc/apache2/logs/error_log...
Nov  9 17:46:15 host lfd[723779]: Watching /var/log/exim_mainlog...
Nov  9 17:46:15 host lfd[723779]: Watching /var/log/messages...
Nov  9 17:46:15 host lfd[723779]: Watching /usr/local/cpanel/logs/access_log...
Nov  9 17:46:15 host lfd[723779]: Watching /usr/local/cpanel/logs/login_log...
Nov  9 17:46:15 host lfd[723779]: Watching /var/log/secure...
Nov  9 17:46:15 host lfd[723808]: *Suspicious Process* PID:21993 PPID:1949 User:seattlerecovery Uptime:85831 secs EXE:/opt/cpanel/ea-php83/root/usr/sbin/php-fpm CMD:php-fpm: pool seattle-recovery_com
Nov  9 17:46:16 host lfd[723808]: *Suspicious Process* PID:96713 PPID:1949 User:seattlerecovery Uptime:84378 secs EXE:/opt/cpanel/ea-php83/root/usr/sbin/php-fpm CMD:php-fpm: pool seattle-recovery_com
Nov  9 17:46:16 host lfd[723808]: *Suspicious Process* PID:99863 PPID:1949 User:seattlerecovery Uptime:83925 secs EXE:/opt/cpanel/ea-php83/root/usr/sbin/php-fpm CMD:php-fpm: pool seattle-recovery_com
Nov  9 17:46:17 host lfd[723808]: *Suspicious Process* PID:106795 PPID:1949 User:seattlerecovery Uptime:82967 secs EXE:/opt/cpanel/ea-php83/root/usr/sbin/php-fpm CMD:php-fpm: pool seattle-recovery_com
Nov  9 17:46:17 host lfd[723808]: *Suspicious Process* PID:132304 PPID:1949 User:virustreatment Uptime:79276 secs EXE:/opt/cpanel/ea-php83/root/usr/sbin/php-fpm CMD:php-fpm: pool virustreatmentcenters_com
Nov  9 17:46:18 host lfd[723808]: *Suspicious Process* PID:156081 PPID:1949 User:revolutionarytec Uptime:75681 secs EXE:/opt/cpanel/ea-php83/root/usr/sbin/php-fpm CMD:php-fpm: pool revolutionarytechnology_net
Nov  9 17:46:19 host lfd[723808]: *Suspicious Process* PID:181596 PPID:1949 User:seattlerecovery Uptime:71837 secs EXE:/opt/cpanel/ea-php83/root/usr/sbin/php-fpm CMD:php-fpm: pool seattle-recovery_com
Nov  9 17:46:19 host lfd[723808]: *Suspicious Process* PID:186599 PPID:1949 User:seattlerecovery Uptime:71140 secs EXE:/opt/cpanel/ea-php83/root/usr/sbin/php-fpm CMD:php-fpm: pool seattle-recovery_com
Nov  9 17:46:20 host lfd[723808]: *Suspicious Process* PID:187180 PPID:1949 User:revolutionarytec Uptime:71045 secs EXE:/opt/cpanel/ea-php83/root/usr/sbin/php-fpm CMD:php-fpm: pool revolutionarytechnology_net
Nov  9 17:46:20 host lfd[724051]: *WHM/cPanel root access* from 162.251.69.94
Nov  9 17:46:20 host lfd[723808]: *Suspicious Process* PID:187188 PPID:1949 User:revolutionarytec Uptime:71043 secs EXE:/opt/cpanel/ea-php83/root/usr/sbin/php-fpm CMD:php-fpm: pool revolutionarytechnology_net
Nov  9 17:46:21 host lfd[723808]: *Suspicious Process* PID:227787 PPID:1949 User:virustreatment Uptime:65164 secs EXE:/opt/cpanel/ea-php83/root/usr/sbin/php-fpm CMD:php-fpm: pool virustreatmentcenters_com
Nov  9 17:46:21 host lfd[723808]: *Suspicious Process* PID:232734 PPID:1949 User:seattlerecovery Uptime:64534 secs EXE:/opt/cpanel/ea-php83/root/usr/sbin/php-fpm CMD:php-fpm: pool seattle-recovery_com
Nov  9 17:46:21 host lfd[723799]: csf is currently restarting - section [BLOCKLIST] skipped
Nov  9 17:46:22 host lfd[723808]: *Suspicious Process* PID:234542 PPID:1949 User:virustreatment Uptime:64232 secs EXE:/opt/cpanel/ea-php83/root/usr/sbin/php-fpm CMD:php-fpm: pool virustreatmentcenters_com
Nov  9 17:46:22 host lfd[723808]: *Suspicious Process* PID:234561 PPID:1949 User:virustreatment Uptime:64227 secs EXE:/opt/cpanel/ea-php83/root/usr/sbin/php-fpm CMD:php-fpm: pool virustreatmentcenters_com
Nov  9 17:46:23 host lfd[723808]: *Suspicious Process* PID:234606 PPID:1949 User:virustreatment Uptime:64224 secs EXE:/opt/cpanel/ea-php83/root/usr/sbin/php-fpm CMD:php-fpm: pool virustreatmentcenters_com
Nov  9 17:46:23 host lfd[723808]: *Suspicious Process* PID:237996 PPID:1949 User:virustreatment Uptime:63685 secs EXE:/opt/cpanel/ea-php83/root/usr/sbin/php-fpm CMD:php-fpm: pool virustreatmentcenters_com
Nov  9 17:46:23 host lfd[723808]: *Suspicious Process* PID:245534 PPID:1949 User:virustreatment Uptime:62682 secs EXE:/opt/cpanel/ea-php83/root/usr/sbin/php-fpm CMD:php-fpm: pool virustreatmentcenters_com
Nov  9 17:46:24 host lfd[723808]: *Suspicious Process* PID:247929 PPID:1949 User:revolutionarytec Uptime:62254 secs EXE:/opt/cpanel/ea-php83/root/usr/sbin/php-fpm CMD:php-fpm: pool revolutionarytechnology_net
Nov  9 17:46:24 host lfd[723808]: *Suspicious Process* PID:248628 PPID:1949 User:revolutionarytec Uptime:62181 secs EXE:/opt/cpanel/ea-php83/root/usr/sbin/php-fpm CMD:php-fpm: pool revolutionarytechnology_net
Nov  9 17:46:25 host lfd[723808]: *Suspicious Process* PID:270336 PPID:1949 User:revolutionarytec Uptime:58934 secs EXE:/opt/cpanel/ea-php83/root/usr/sbin/php-fpm CMD:php-fpm: pool revolutionarytechnology_net
Nov  9 17:46:25 host lfd[723808]: *Suspicious Process* PID:289822 PPID:1949 User:virustreatment Uptime:56006 secs EXE:/opt/cpanel/ea-php83/root/usr/sbin/php-fpm CMD:php-fpm: pool virustreatmentcenters_com
Nov  9 17:46:26 host lfd[723808]: *Suspicious Process* PID:291203 PPID:1949 User:virustreatment Uptime:55852 secs EXE:/opt/cpanel/ea-php83/root/usr/sbin/php-fpm CMD:php-fpm: pool virustreatmentcenters_com
Nov  9 17:46:26 host lfd[723808]: *Suspicious Process* PID:291266 PPID:1949 User:virustreatment Uptime:55846 secs EXE:/opt/cpanel/ea-php83/root/usr/sbin/php-fpm CMD:php-fpm: pool virustreatmentcenters_com
Nov  9 17:46:27 host lfd[723808]: *Suspicious Process* PID:291455 PPID:1949 User:virustreatment Uptime:55811 secs EXE:/opt/cpanel/ea-php83/root/usr/sbin/php-fpm CMD:php-fpm: pool virustreatmentcenters_com
Nov  9 17:46:27 host lfd[723808]: *Suspicious Process* PID:291463 PPID:1949 User:virustreatment Uptime:55809 secs EXE:/opt/cpanel/ea-php83/root/usr/sbin/php-fpm CMD:php-fpm: pool virustreatmentcenters_com
Nov  9 17:46:27 host lfd[723808]: *Suspicious Process* PID:291553 PPID:1949 User:virustreatment Uptime:55797 secs EXE:/opt/cpanel/ea-php83/root/usr/sbin/php-fpm CMD:php-fpm: pool virustreatmentcenters_com
Nov  9 17:46:28 host lfd[723808]: *Suspicious Process* PID:381011 PPID:1949 User:virustreatment Uptime:42360 secs EXE:/opt/cpanel/ea-php83/root/usr/sbin/php-fpm CMD:php-fpm: pool virustreatmentcenters_com
Nov  9 17:46:28 host lfd[723808]: *Suspicious Process* PID:402404 PPID:1949 User:revolutionarytec Uptime:39162 secs EXE:/opt/cpanel/ea-php83/root/usr/sbin/php-fpm CMD:php-fpm: pool revolutionarytechnology_net
Nov  9 17:46:29 host lfd[723808]: *Suspicious Process* PID:413519 PPID:1949 User:revolutionarytec Uptime:37514 secs EXE:/opt/cpanel/ea-php83/root/usr/sbin/php-fpm CMD:php-fpm: pool revolutionarytechnology_net
Nov  9 17:46:29 host lfd[723808]: *Suspicious Process* PID:413533 PPID:1949 User:revolutionarytec Uptime:37513 secs EXE:/opt/cpanel/ea-php83/root/usr/sbin/php-fpm CMD:php-fpm: pool revolutionarytechnology_net
Nov  9 17:46:30 host lfd[723808]: *Suspicious Process* PID:518925 PPID:1949 User:virustreatment Uptime:21830 secs EXE:/opt/cpanel/ea-php83/root/usr/sbin/php-fpm CMD:php-fpm: pool virustreatmentcenters_com
Nov  9 17:46:30 host lfd[723808]: *Suspicious Process* PID:518947 PPID:1949 User:virustreatment Uptime:21823 secs EXE:/opt/cpanel/ea-php83/root/usr/sbin/php-fpm CMD:php-fpm: pool virustreatmentcenters_com
Nov  9 17:46:31 host lfd[723808]: *Suspicious Process* PID:577359 PPID:1949 User:revolutionarytec Uptime:12986 secs EXE:/opt/cpanel/ea-php83/root/usr/sbin/php-fpm CMD:php-fpm: pool revolutionarytechnology_net
Nov  9 17:46:31 host lfd[723808]: *Suspicious Process* PID:582659 PPID:1949 User:revolutionarytec Uptime:12180 secs EXE:/opt/cpanel/ea-php83/root/usr/sbin/php-fpm CMD:php-fpm: pool revolutionarytechnology_net
Nov  9 17:46:32 host lfd[723808]: *Suspicious Process* PID:582737 PPID:1949 User:revolutionarytec Uptime:12159 secs EXE:/opt/cpanel/ea-php83/root/usr/sbin/php-fpm CMD:php-fpm: pool revolutionarytechnology_net
Nov  9 17:46:32 host lfd[723808]: *Suspicious Process* PID:582784 PPID:1949 User:revolutionarytec Uptime:12145 secs EXE:/opt/cpanel/ea-php83/root/usr/sbin/php-fpm CMD:php-fpm: pool revolutionarytechnology_net
Nov  9 17:46:33 host lfd[723808]: *Suspicious Process* PID:582802 PPID:1949 User:revolutionarytec Uptime:12139 secs EXE:/opt/cpanel/ea-php83/root/usr/sbin/php-fpm CMD:php-fpm: pool revolutionarytechnology_net
Nov  9 17:46:33 host lfd[723808]: *Suspicious Process* PID:582900 PPID:1949 User:virustreatment Uptime:12112 secs EXE:/opt/cpanel/ea-php83/root/usr/sbin/php-fpm CMD:php-fpm: pool virustreatmentcenters_com
Nov  9 17:46:34 host lfd[723808]: *Suspicious Process* PID:582913 PPID:1949 User:virustreatment Uptime:12109 secs EXE:/opt/cpanel/ea-php83/root/usr/sbin/php-fpm CMD:php-fpm: pool virustreatmentcenters_com
Nov  9 17:46:34 host lfd[723808]: *Suspicious Process* PID:585397 PPID:1949 User:revolutionarytec Uptime:11780 secs EXE:/opt/cpanel/ea-php83/root/usr/sbin/php-fpm CMD:php-fpm: pool revolutionarytechnology_net
Nov  9 17:46:35 host lfd[723808]: *Suspicious Process* PID:586228 PPID:1949 User:revolutionarytec Uptime:11721 secs EXE:/opt/cpanel/ea-php83/root/usr/sbin/php-fpm CMD:php-fpm: pool revolutionarytechnology_net
Nov  9 17:46:35 host lfd[723808]: *Suspicious Process* PID:586234 PPID:1949 User:virustreatment Uptime:11720 secs EXE:/opt/cpanel/ea-php83/root/usr/sbin/php-fpm CMD:php-fpm: pool virustreatmentcenters_com
Nov  9 17:46:36 host lfd[723808]: *Suspicious Process* PID:588950 PPID:1949 User:revolutionarytec Uptime:11223 secs EXE:/opt/cpanel/ea-php83/root/usr/sbin/php-fpm CMD:php-fpm: pool revolutionarytechnology_net
Nov  9 17:46:37 host lfd[723808]: *Suspicious Process* PID:595353 PPID:1949 User:virustreatment Uptime:10267 secs EXE:/opt/cpanel/ea-php83/root/usr/sbin/php-fpm CMD:php-fpm: pool virustreatmentcenters_com
Nov  9 17:46:37 host lfd[723808]: *Suspicious Process* PID:632437 PPID:1949 User:revolutionarytec Uptime:4808 secs EXE:/opt/cpanel/ea-php83/root/usr/sbin/php-fpm CMD:php-fpm: pool revolutionarytechnology_net
Nov  9 17:46:38 host lfd[723808]: *Suspicious Process* PID:649154 PPID:1949 User:seattle Uptime:2222 secs EXE:/opt/cpanel/ea-php83/root/usr/sbin/php-fpm CMD:php-fpm: pool seattlecomputer_repair
Nov  9 17:46:38 host lfd[723808]: *Suspicious Process* PID:674188 PPID:1949 User:seattle Uptime:1191 secs EXE:/opt/cpanel/ea-php83/root/usr/sbin/php-fpm CMD:php-fpm: pool seattlecomputer_repair
Nov  9 17:46:39 host lfd[723808]: *Suspicious Process* PID:688896 PPID:1949 User:seattle Uptime:813 secs EXE:/opt/cpanel/ea-php83/root/usr/sbin/php-fpm CMD:php-fpm: pool seattlecomputer_repair
Nov  9 17:46:39 host lfd[723808]: *Suspicious Process* PID:689183 PPID:1949 User:seattle Uptime:808 secs EXE:/opt/cpanel/ea-php83/root/usr/sbin/php-fpm CMD:php-fpm: pool seattlecomputer_repair
Nov  9 17:46:40 host lfd[723808]: *Suspicious Process* PID:700853 PPID:1910 User:revolutionarytec Uptime:529 secs EXE:/opt/cpanel/ea-php84/root/usr/sbin/php-fpm CMD:php-fpm: pool configserver_shop
Nov  9 17:46:41 host lfd[723808]: *Excessive Processes* User:virustreatment Kill:0 Process Count:20
Nov  9 17:46:41 host lfd[723808]: *Excessive Processes* User:revolutionarytec Kill:0 Process Count:19
Nov  9 17:46:42 host lfd[723808]: *Excessive Processes* User:seattlerecovery Kill:0 Process Count:125
Nov  9 17:46:43 host lfd[723808]: *User Processing* PID:22843 Kill:0 User:discodurocom Time:85706 EXE:/opt/cpanel/ea-php83/root/usr/sbin/php-fpm CMD:php-fpm: pool discoduro_com_mx
Nov  9 17:46:43 host lfd[723808]: *User Processing* PID:588950 Kill:0 User:revolutionarytec Time:11223 EXE:/opt/cpanel/ea-php83/root/usr/sbin/php-fpm CMD:php-fpm: pool revolutionarytechnology_net
Nov  9 17:46:43 host lfd[723808]: *User Processing* PID:22849 Kill:0 User:discodurocom Time:85705 EXE:/opt/cpanel/ea-php83/root/usr/sbin/php-fpm CMD:php-fpm: pool discoduro_com_mx
Nov  9 17:46:44 host lfd[723808]: *User Processing* PID:245534 Kill:0 User:virustreatment Time:62682 EXE:/opt/cpanel/ea-php83/root/usr/sbin/php-fpm CMD:php-fpm: pool virustreatmentcenters_com
Nov  9 17:46:45 host lfd[723808]: *User Processing* PID:232595 Kill:0 User:seattlerecovery Time:64546 EXE:/opt/cpanel/ea-php83/root/usr/sbin/php-fpm CMD:php-fpm: pool seattle-recovery_com
Nov  9 17:46:45 host lfd[723808]: *User Processing* PID:518947 Kill:0 User:virustreatment Time:21823 EXE:/opt/cpanel/ea-php83/root/usr/sbin/php-fpm CMD:php-fpm: pool virustreatmentcenters_com
Nov  9 17:46:45 host lfd[723808]: *User Processing* PID:586234 Kill:0 User:virustreatment Time:11720 EXE:/opt/cpanel/ea-php83/root/usr/sbin/php-fpm CMD:php-fpm: pool virustreatmentcenters_com
Nov  9 17:46:46 host lfd[723808]: *User Processing* PID:95156 Kill:0 User:seattlerecovery Time:84569 EXE:/opt/cpanel/ea-php83/root/usr/sbin/php-fpm CMD:php-fpm: pool seattle-recovery_com
Nov  9 17:46:47 host lfd[723808]: *User Processing* PID:232550 Kill:0 User:seattlerecovery Time:64551 EXE:/opt/cpanel/ea-php83/root/usr/sbin/php-fpm CMD:php-fpm: pool seattle-recovery_com
Nov  9 17:46:47 host lfd[723808]: *User Processing* PID:202726 Kill:0 User:seattlerecovery Time:68754 EXE:/opt/cpanel/ea-php83/root/usr/sbin/php-fpm CMD:php-fpm: pool seattle-recovery_com
Nov  9 17:46:47 host lfd[723808]: *User Processing* PID:95212 Kill:0 User:seattlerecovery Time:84554 EXE:/opt/cpanel/ea-php83/root/usr/sbin/php-fpm CMD:php-fpm: pool seattle-recovery_com
Nov  9 17:46:48 host lfd[723808]: *User Processing* PID:94930 Kill:0 User:seattlerecovery Time:84598 EXE:/opt/cpanel/ea-php83/root/usr/sbin/php-fpm CMD:php-fpm: pool seattle-recovery_com
Nov  9 17:46:48 host lfd[723808]: *User Processing* PID:99722 Kill:0 User:seattlerecovery Time:83957 EXE:/opt/cpanel/ea-php83/root/usr/sbin/php-fpm CMD:php-fpm: pool seattle-recovery_com
Nov  9 17:46:49 host lfd[723808]: *User Processing* PID:206720 Kill:0 User:seattlerecovery Time:68193 EXE:/opt/cpanel/ea-php83/root/usr/sbin/php-fpm CMD:php-fpm: pool seattle-recovery_com
Nov  9 17:46:49 host lfd[723808]: *User Processing* PID:232734 Kill:0 User:seattlerecovery Time:64534 EXE:/opt/cpanel/ea-php83/root/usr/sbin/php-fpm CMD:php-fpm: pool seattle-recovery_com
Nov  9 17:46:50 host lfd[723808]: *User Processing* PID:232411 Kill:0 User:seattlerecovery Time:64563 EXE:/opt/cpanel/ea-php83/root/usr/sbin/php-fpm CMD:php-fpm: pool seattle-recovery_com
Nov  9 17:46:50 host lfd[723808]: *User Processing* PID:582784 Kill:0 User:revolutionarytec Time:12145 EXE:/opt/cpanel/ea-php83/root/usr/sbin/php-fpm CMD:php-fpm: pool revolutionarytechnology_net
Nov  9 17:46:51 host lfd[723808]: *User Processing* PID:620404 Kill:0 User:gundamsys Time:6490 EXE:/opt/cpanel/ea-php83/root/usr/sbin/php-fpm CMD:php-fpm: pool gundam_systems
Nov  9 17:46:51 host lfd[723808]: *User Processing* PID:96806 Kill:0 User:seattlerecovery Time:84366 EXE:/opt/cpanel/ea-php83/root/usr/sbin/php-fpm CMD:php-fpm: pool seattle-recovery_com
Nov  9 17:46:52 host lfd[723808]: *User Processing* PID:232407 Kill:0 User:seattlerecovery Time:64563 EXE:/opt/cpanel/ea-php83/root/usr/sbin/php-fpm CMD:php-fpm: pool seattle-recovery_com
Nov  9 17:46:52 host lfd[723808]: *User Processing* PID:232596 Kill:0 User:seattlerecovery Time:64546 EXE:/opt/cpanel/ea-php83/root/usr/sbin/php-fpm CMD:php-fpm: pool seattle-recovery_com
Nov  9 17:46:53 host lfd[723808]: *User Processing* PID:202700 Kill:0 User:seattlerecovery Time:68759 EXE:/opt/cpanel/ea-php83/root/usr/sbin/php-fpm CMD:php-fpm: pool seattle-recovery_com
Nov  9 17:46:53 host lfd[723808]: *User Processing* PID:291266 Kill:0 User:virustreatment Time:55846 EXE:/opt/cpanel/ea-php83/root/usr/sbin/php-fpm CMD:php-fpm: pool virustreatmentcenters_com
Nov  9 17:46:54 host lfd[723808]: *User Processing* PID:232551 Kill:0 User:seattlerecovery Time:64551 EXE:/opt/cpanel/ea-php83/root/usr/sbin/php-fpm CMD:php-fpm: pool seattle-recovery_com
Nov  9 17:46:54 host lfd[723808]: *User Processing* PID:582913 Kill:0 User:virustreatment Time:12109 EXE:/opt/cpanel/ea-php83/root/usr/sbin/php-fpm CMD:php-fpm: pool virustreatmentcenters_com
Nov  9 17:46:54 host lfd[723808]: *User Processing* PID:181606 Kill:0 User:seattlerecovery Time:71835 EXE:/opt/cpanel/ea-php83/root/usr/sbin/php-fpm CMD:php-fpm: pool seattle-recovery_com
Nov  9 17:46:54 host lfd[723808]: *User Processing* PID:649154 Kill:0 User:seattle Time:2222 EXE:/opt/cpanel/ea-php83/root/usr/sbin/php-fpm CMD:php-fpm: pool seattlecomputer_repair
Nov  9 17:46:55 host lfd[723808]: *User Processing* PID:232594 Kill:0 User:seattlerecovery Time:64546 EXE:/opt/cpanel/ea-php83/root/usr/sbin/php-fpm CMD:php-fpm: pool seattle-recovery_com
Nov  9 17:46:55 host lfd[723808]: *User Processing* PID:202613 Kill:0 User:seattlerecovery Time:68768 EXE:/opt/cpanel/ea-php83/root/usr/sbin/php-fpm CMD:php-fpm: pool seattle-recovery_com
Nov  9 17:46:56 host lfd[723808]: *User Processing* PID:99359 Kill:0 User:seattlerecovery Time:83997 EXE:/opt/cpanel/ea-php83/root/usr/sbin/php-fpm CMD:php-fpm: pool seattle-recovery_com
Nov  9 17:46:57 host lfd[723808]: *User Processing* PID:484234 Kill:0 User:discodurocom Time:27022 EXE:/opt/cpanel/ea-php83/root/usr/sbin/php-fpm CMD:php-fpm: pool discoduro_com_mx
Nov  9 17:46:57 host lfd[723808]: *User Processing* PID:199732 Kill:0 User:seattlerecovery Time:69223 EXE:/opt/cpanel/ea-php83/root/usr/sbin/php-fpm CMD:php-fpm: pool seattle-recovery_com
Nov  9 17:46:58 host lfd[723808]: *User Processing* PID:640956 Kill:0 User:gundamsys Time:3450 EXE:/opt/cpanel/ea-php83/root/usr/sbin/php-fpm CMD:php-fpm: pool gundam_systems
Nov  9 17:46:59 host lfd[723808]: *User Processing* PID:232600 Kill:0 User:seattlerecovery Time:64546 EXE:/opt/cpanel/ea-php83/root/usr/sbin/php-fpm CMD:php-fpm: pool seattle-recovery_com
Nov  9 17:47:00 host lfd[723808]: *User Processing* PID:189137 Kill:0 User:seattlerecovery Time:70710 EXE:/opt/cpanel/ea-php83/root/usr/sbin/php-fpm CMD:php-fpm: pool seattle-recovery_com
Nov  9 17:47:00 host lfd[723808]: *User Processing* PID:199303 Kill:0 User:seattlerecovery Time:69305 EXE:/opt/cpanel/ea-php83/root/usr/sbin/php-fpm CMD:php-fpm: pool seattle-recovery_com
Nov  9 17:47:01 host lfd[723808]: *User Processing* PID:199715 Kill:0 User:seattlerecovery Time:69229 EXE:/opt/cpanel/ea-php83/root/usr/sbin/php-fpm CMD:php-fpm: pool seattle-recovery_com
Nov  9 17:47:01 host lfd[723808]: *User Processing* PID:232686 Kill:0 User:seattlerecovery Time:64537 EXE:/opt/cpanel/ea-php83/root/usr/sbin/php-fpm CMD:php-fpm: pool seattle-recovery_com
Nov  9 17:47:02 host lfd[723808]: *User Processing* PID:21993 Kill:0 User:seattlerecovery Time:85831 EXE:/opt/cpanel/ea-php83/root/usr/sbin/php-fpm CMD:php-fpm: pool seattle-recovery_com
Nov  9 17:47:02 host lfd[723808]: *User Processing* PID:199622 Kill:0 User:seattlerecovery Time:69253 EXE:/opt/cpanel/ea-php83/root/usr/sbin/php-fpm CMD:php-fpm: pool seattle-recovery_com
Nov  9 17:47:02 host lfd[723808]: *User Processing* PID:399684 Kill:0 User:discodurocom Time:39559 EXE:/opt/cpanel/ea-php83/root/usr/sbin/php-fpm CMD:php-fpm: pool discoduro_com_mx
Nov  9 17:47:03 host lfd[723808]: *User Processing* PID:232598 Kill:0 User:seattlerecovery Time:64546 EXE:/opt/cpanel/ea-php83/root/usr/sbin/php-fpm CMD:php-fpm: pool seattle-recovery_com
Nov  9 17:47:03 host lfd[723808]: *User Processing* PID:402404 Kill:0 User:revolutionarytec Time:39162 EXE:/opt/cpanel/ea-php83/root/usr/sbin/php-fpm CMD:php-fpm: pool revolutionarytechnology_net
Nov  9 17:47:03 host lfd[723808]: *User Processing* PID:232538 Kill:0 User:seattlerecovery Time:64552 EXE:/opt/cpanel/ea-php83/root/usr/sbin/php-fpm CMD:php-fpm: pool seattle-recovery_com
Nov  9 17:47:04 host lfd[723808]: *User Processing* PID:199024 Kill:0 User:seattlerecovery Time:69351 EXE:/opt/cpanel/ea-php83/root/usr/sbin/php-fpm CMD:php-fpm: pool seattle-recovery_com
Nov  9 17:47:05 host lfd[723808]: *User Processing* PID:232735 Kill:0 User:seattlerecovery Time:64534 EXE:/opt/cpanel/ea-php83/root/usr/sbin/php-fpm CMD:php-fpm: pool seattle-recovery_com
Nov  9 17:47:05 host lfd[723808]: *User Processing* PID:232601 Kill:0 User:seattlerecovery Time:64546 EXE:/opt/cpanel/ea-php83/root/usr/sbin/php-fpm CMD:php-fpm: pool seattle-recovery_com
Nov  9 17:47:06 host lfd[723808]: *User Processing* PID:247929 Kill:0 User:revolutionarytec Time:62254 EXE:/opt/cpanel/ea-php83/root/usr/sbin/php-fpm CMD:php-fpm: pool revolutionarytechnology_net
Nov  9 17:47:07 host lfd[723808]: *User Processing* PID:232437 Kill:0 User:seattlerecovery Time:64561 EXE:/opt/cpanel/ea-php83/root/usr/sbin/php-fpm CMD:php-fpm: pool seattle-recovery_com
Nov  9 17:47:07 host lfd[723808]: *User Processing* PID:413533 Kill:0 User:revolutionarytec Time:37513 EXE:/opt/cpanel/ea-php83/root/usr/sbin/php-fpm CMD:php-fpm: pool revolutionarytechnology_net
Nov  9 17:47:08 host lfd[723808]: *User Processing* PID:206011 Kill:0 User:seattlerecovery Time:68277 EXE:/opt/cpanel/ea-php83/root/usr/sbin/php-fpm CMD:php-fpm: pool seattle-recovery_com
Nov  9 17:47:09 host lfd[723808]: *User Processing* PID:199014 Kill:0 User:seattlerecovery Time:69354 EXE:/opt/cpanel/ea-php83/root/usr/sbin/php-fpm CMD:php-fpm: pool seattle-recovery_com
Nov  9 17:47:09 host lfd[723808]: *User Processing* PID:232583 Kill:0 User:seattlerecovery Time:64548 EXE:/opt/cpanel/ea-php83/root/usr/sbin/php-fpm CMD:php-fpm: pool seattle-recovery_com
Nov  9 17:47:10 host lfd[723808]: *User Processing* PID:582659 Kill:0 User:revolutionarytec Time:12180 EXE:/opt/cpanel/ea-php83/root/usr/sbin/php-fpm CMD:php-fpm: pool revolutionarytechnology_net
Nov  9 17:47:10 host lfd[723808]: *User Processing* PID:180848 Kill:0 User:seattlerecovery Time:71961 EXE:/opt/cpanel/ea-php83/root/usr/sbin/php-fpm CMD:php-fpm: pool seattle-recovery_com
Nov  9 17:47:11 host lfd[723808]: *User Processing* PID:232436 Kill:0 User:seattlerecovery Time:64561 EXE:/opt/cpanel/ea-php83/root/usr/sbin/php-fpm CMD:php-fpm: pool seattle-recovery_com
Nov  9 17:47:11 host lfd[723808]: *User Processing* PID:585397 Kill:0 User:revolutionarytec Time:11780 EXE:/opt/cpanel/ea-php83/root/usr/sbin/php-fpm CMD:php-fpm: pool revolutionarytechnology_net
Nov  9 17:47:12 host lfd[723808]: *User Processing* PID:196425 Kill:0 User:seattlerecovery Time:69700 EXE:/opt/cpanel/ea-php83/root/usr/sbin/php-fpm CMD:php-fpm: pool seattle-recovery_com
Nov  9 17:47:12 host lfd[723808]: *User Processing* PID:381011 Kill:0 User:virustreatment Time:42360 EXE:/opt/cpanel/ea-php83/root/usr/sbin/php-fpm CMD:php-fpm: pool virustreatmentcenters_com
Nov  9 17:47:13 host lfd[723808]: *User Processing* PID:116830 Kill:0 User:seattlerecovery Time:81545 EXE:/opt/cpanel/ea-php83/root/usr/sbin/php-fpm CMD:php-fpm: pool seattle-recovery_com
Nov  9 17:47:13 host lfd[723808]: *User Processing* PID:291455 Kill:0 User:virustreatment Time:55811 EXE:/opt/cpanel/ea-php83/root/usr/sbin/php-fpm CMD:php-fpm: pool virustreatmentcenters_com
Nov  9 17:47:14 host lfd[723808]: *User Processing* PID:232408 Kill:0 User:seattlerecovery Time:64563 EXE:/opt/cpanel/ea-php83/root/usr/sbin/php-fpm CMD:php-fpm: pool seattle-recovery_com
Nov  9 17:47:15 host lfd[723808]: *User Processing* PID:116584 Kill:0 User:seattlerecovery Time:81587 EXE:/opt/cpanel/ea-php83/root/usr/sbin/php-fpm CMD:php-fpm: pool seattle-recovery_com
Nov  9 17:47:15 host lfd[723808]: *User Processing* PID:484242 Kill:0 User:discodurocom Time:27021 EXE:/opt/cpanel/ea-php83/root/usr/sbin/php-fpm CMD:php-fpm: pool discoduro_com_mx
Nov  9 17:47:16 host lfd[727227]: Child : *Lock Error* [PT_INTERVAL] still active - section skipped
Nov  9 17:47:16 host lfd[723808]: *User Processing* PID:88572 Kill:0 User:seattlerecovery Time:85030 EXE:/opt/cpanel/ea-php83/root/usr/sbin/php-fpm CMD:php-fpm: pool seattle-recovery_com
Nov  9 17:47:17 host lfd[723808]: *User Processing* PID:201599 Kill:0 User:seattlerecovery Time:68915 EXE:/opt/cpanel/ea-php83/root/usr/sbin/php-fpm CMD:php-fpm: pool seattle-recovery_com
Nov  9 17:47:18 host lfd[723808]: *User Processing* PID:232412 Kill:0 User:seattlerecovery Time:64563 EXE:/opt/cpanel/ea-php83/root/usr/sbin/php-fpm CMD:php-fpm: pool seattle-recovery_com
Nov  9 17:47:18 host lfd[723808]: *User Processing* PID:199846 Kill:0 User:seattlerecovery Time:69191 EXE:/opt/cpanel/ea-php83/root/usr/sbin/php-fpm CMD:php-fpm: pool seattle-recovery_com
Nov  9 17:47:19 host lfd[723808]: *User Processing* PID:215658 Kill:0 User:seattlerecovery Time:66938 EXE:/opt/cpanel/ea-php83/root/usr/sbin/php-fpm CMD:php-fpm: pool seattle-recovery_com
Nov  9 17:47:19 host lfd[723808]: *User Processing* PID:187188 Kill:0 User:revolutionarytec Time:71043 EXE:/opt/cpanel/ea-php83/root/usr/sbin/php-fpm CMD:php-fpm: pool revolutionarytechnology_net
Nov  9 17:47:19 host lfd[723808]: *User Processing* PID:270336 Kill:0 User:revolutionarytec Time:58934 EXE:/opt/cpanel/ea-php83/root/usr/sbin/php-fpm CMD:php-fpm: pool revolutionarytechnology_net
Nov  9 17:47:20 host lfd[723808]: *User Processing* PID:232687 Kill:0 User:seattlerecovery Time:64537 EXE:/opt/cpanel/ea-php83/root/usr/sbin/php-fpm CMD:php-fpm: pool seattle-recovery_com
Nov  9 17:47:20 host lfd[723808]: *User Processing* PID:232435 Kill:0 User:seattlerecovery Time:64561 EXE:/opt/cpanel/ea-php83/root/usr/sbin/php-fpm CMD:php-fpm: pool seattle-recovery_com
Nov  9 17:47:21 host lfd[723808]: *User Processing* PID:518925 Kill:0 User:virustreatment Time:21830 EXE:/opt/cpanel/ea-php83/root/usr/sbin/php-fpm CMD:php-fpm: pool virustreatmentcenters_com
Nov  9 17:47:21 host lfd[723808]: *User Processing* PID:582802 Kill:0 User:revolutionarytec Time:12139 EXE:/opt/cpanel/ea-php83/root/usr/sbin/php-fpm CMD:php-fpm: pool revolutionarytechnology_net
Nov  9 17:47:21 host lfd[723808]: *User Processing* PID:291203 Kill:0 User:virustreatment Time:55852 EXE:/opt/cpanel/ea-php83/root/usr/sbin/php-fpm CMD:php-fpm: pool virustreatmentcenters_com
Nov  9 17:47:22 host lfd[723808]: *User Processing* PID:232552 Kill:0 User:seattlerecovery Time:64551 EXE:/opt/cpanel/ea-php83/root/usr/sbin/php-fpm CMD:php-fpm: pool seattle-recovery_com
Nov  9 17:47:22 host lfd[723808]: *User Processing* PID:108522 Kill:0 User:seattlerecovery Time:82773 EXE:/opt/cpanel/ea-php83/root/usr/sbin/php-fpm CMD:php-fpm: pool seattle-recovery_com
Nov  9 17:47:23 host lfd[723808]: *User Processing* PID:232729 Kill:0 User:seattlerecovery Time:64534 EXE:/opt/cpanel/ea-php83/root/usr/sbin/php-fpm CMD:php-fpm: pool seattle-recovery_com
Nov  9 17:47:23 host lfd[723808]: *User Processing* PID:102633 Kill:0 User:seattlerecovery Time:83562 EXE:/opt/cpanel/ea-php83/root/usr/sbin/php-fpm CMD:php-fpm: pool seattle-recovery_com
Nov  9 17:47:24 host lfd[723808]: *User Processing* PID:232406 Kill:0 User:seattlerecovery Time:64563 EXE:/opt/cpanel/ea-php83/root/usr/sbin/php-fpm CMD:php-fpm: pool seattle-recovery_com
Nov  9 17:47:24 host lfd[723808]: *User Processing* PID:232597 Kill:0 User:seattlerecovery Time:64546 EXE:/opt/cpanel/ea-php83/root/usr/sbin/php-fpm CMD:php-fpm: pool seattle-recovery_com
Nov  9 17:47:25 host lfd[723808]: *User Processing* PID:181622 Kill:0 User:seattlerecovery Time:71830 EXE:/opt/cpanel/ea-php83/root/usr/sbin/php-fpm CMD:php-fpm: pool seattle-recovery_com
Nov  9 17:47:25 host lfd[723808]: *User Processing* PID:116848 Kill:0 User:seattlerecovery Time:81540 EXE:/opt/cpanel/ea-php83/root/usr/sbin/php-fpm CMD:php-fpm: pool seattle-recovery_com
Nov  9 17:47:26 host lfd[723808]: *User Processing* PID:96745 Kill:0 User:seattlerecovery Time:84369 EXE:/opt/cpanel/ea-php83/root/usr/sbin/php-fpm CMD:php-fpm: pool seattle-recovery_com
Nov  9 17:47:27 host lfd[723808]: *User Processing* PID:232438 Kill:0 User:seattlerecovery Time:64561 EXE:/opt/cpanel/ea-php83/root/usr/sbin/php-fpm CMD:php-fpm: pool seattle-recovery_com
Nov  9 17:47:27 host lfd[723808]: *User Processing* PID:199784 Kill:0 User:seattlerecovery Time:69208 EXE:/opt/cpanel/ea-php83/root/usr/sbin/php-fpm CMD:php-fpm: pool seattle-recovery_com
Nov  9 17:47:28 host lfd[723808]: *User Processing* PID:232553 Kill:0 User:seattlerecovery Time:64551 EXE:/opt/cpanel/ea-php83/root/usr/sbin/php-fpm CMD:php-fpm: pool seattle-recovery_com
Nov  9 17:47:28 host lfd[723808]: *User Processing* PID:99863 Kill:0 User:seattlerecovery Time:83925 EXE:/opt/cpanel/ea-php83/root/usr/sbin/php-fpm CMD:php-fpm: pool seattle-recovery_com
Nov  9 17:47:29 host lfd[723808]: *User Processing* PID:234606 Kill:0 User:virustreatment Time:64224 EXE:/opt/cpanel/ea-php83/root/usr/sbin/php-fpm CMD:php-fpm: pool virustreatmentcenters_com
Nov  9 17:47:29 host lfd[723808]: *User Processing* PID:227787 Kill:0 User:virustreatment Time:65164 EXE:/opt/cpanel/ea-php83/root/usr/sbin/php-fpm CMD:php-fpm: pool virustreatmentcenters_com
Nov  9 17:47:29 host lfd[723808]: *User Processing* PID:232470 Kill:0 User:seattlerecovery Time:64560 EXE:/opt/cpanel/ea-php83/root/usr/sbin/php-fpm CMD:php-fpm: pool seattle-recovery_com
Nov  9 17:47:30 host lfd[723808]: *User Processing* PID:232602 Kill:0 User:seattlerecovery Time:64546 EXE:/opt/cpanel/ea-php83/root/usr/sbin/php-fpm CMD:php-fpm: pool seattle-recovery_com
Nov  9 17:47:31 host lfd[723808]: *User Processing* PID:186615 Kill:0 User:seattlerecovery Time:71136 EXE:/opt/cpanel/ea-php83/root/usr/sbin/php-fpm CMD:php-fpm: pool seattle-recovery_com
Nov  9 17:47:31 host lfd[723808]: *User Processing* PID:116844 Kill:0 User:seattlerecovery Time:81542 EXE:/opt/cpanel/ea-php83/root/usr/sbin/php-fpm CMD:php-fpm: pool seattle-recovery_com
Nov  9 17:47:32 host lfd[723808]: *User Processing* PID:99856 Kill:0 User:seattlerecovery Time:83927 EXE:/opt/cpanel/ea-php83/root/usr/sbin/php-fpm CMD:php-fpm: pool seattle-recovery_com
Nov  9 17:47:33 host lfd[723808]: *User Processing* PID:214041 Kill:0 User:seattlerecovery Time:67177 EXE:/opt/cpanel/ea-php83/root/usr/sbin/php-fpm CMD:php-fpm: pool seattle-recovery_com
Nov  9 17:47:34 host lfd[723808]: *User Processing* PID:105892 Kill:0 User:seattlerecovery Time:83132 EXE:/opt/cpanel/ea-php83/root/usr/sbin/php-fpm CMD:php-fpm: pool seattle-recovery_com
Nov  9 17:47:34 host lfd[723808]: *User Processing* PID:232413 Kill:0 User:seattlerecovery Time:64563 EXE:/opt/cpanel/ea-php83/root/usr/sbin/php-fpm CMD:php-fpm: pool seattle-recovery_com
Nov  9 17:47:35 host lfd[723808]: *User Processing* PID:232434 Kill:0 User:seattlerecovery Time:64561 EXE:/opt/cpanel/ea-php83/root/usr/sbin/php-fpm CMD:php-fpm: pool seattle-recovery_com
Nov  9 17:47:36 host lfd[723808]: *User Processing* PID:224223 Kill:0 User:seattlerecovery Time:65764 EXE:/opt/cpanel/ea-php83/root/usr/sbin/php-fpm CMD:php-fpm: pool seattle-recovery_com
Nov  9 17:47:36 host lfd[723808]: *User Processing* PID:232733 Kill:0 User:seattlerecovery Time:64534 EXE:/opt/cpanel/ea-php83/root/usr/sbin/php-fpm CMD:php-fpm: pool seattle-recovery_com
Nov  9 17:47:36 host lfd[723808]: *User Processing* PID:595353 Kill:0 User:virustreatment Time:10267 EXE:/opt/cpanel/ea-php83/root/usr/sbin/php-fpm CMD:php-fpm: pool virustreatmentcenters_com
Nov  9 17:47:37 host lfd[723808]: *User Processing* PID:104781 Kill:0 User:seattlerecovery Time:83249 EXE:/opt/cpanel/ea-php83/root/usr/sbin/php-fpm CMD:php-fpm: pool seattle-recovery_com
Nov  9 17:47:37 host lfd[723808]: *User Processing* PID:22854 Kill:0 User:discodurocom Time:85704 EXE:/opt/cpanel/ea-php83/root/usr/sbin/php-fpm CMD:php-fpm: pool discoduro_com_mx
Nov  9 17:47:38 host lfd[723808]: *User Processing* PID:191068 Kill:0 User:seattlerecovery Time:70421 EXE:/opt/cpanel/ea-php83/root/usr/sbin/php-fpm CMD:php-fpm: pool seattle-recovery_com
Nov  9 17:47:38 host lfd[723808]: *User Processing* PID:116804 Kill:0 User:seattlerecovery Time:81554 EXE:/opt/cpanel/ea-php83/root/usr/sbin/php-fpm CMD:php-fpm: pool seattle-recovery_com
Nov  9 17:47:39 host lfd[723808]: *User Processing* PID:632437 Kill:0 User:revolutionarytec Time:4808 EXE:/opt/cpanel/ea-php83/root/usr/sbin/php-fpm CMD:php-fpm: pool revolutionarytechnology_net
Nov  9 17:47:40 host lfd[723808]: *User Processing* PID:205593 Kill:0 User:seattlerecovery Time:68341 EXE:/opt/cpanel/ea-php83/root/usr/sbin/php-fpm CMD:php-fpm: pool seattle-recovery_com
Nov  9 17:47:40 host lfd[723808]: *User Processing* PID:22899 Kill:0 User:discodurocom Time:85694 EXE:/opt/cpanel/ea-php83/root/usr/sbin/php-fpm CMD:php-fpm: pool discoduro_com_mx
Nov  9 17:47:41 host lfd[723808]: *User Processing* PID:207521 Kill:0 User:seattlerecovery Time:68156 EXE:/opt/cpanel/ea-php83/root/usr/sbin/php-fpm CMD:php-fpm: pool seattle-recovery_com
Nov  9 17:47:42 host lfd[723808]: *User Processing* PID:186599 Kill:0 User:seattlerecovery Time:71140 EXE:/opt/cpanel/ea-php83/root/usr/sbin/php-fpm CMD:php-fpm: pool seattle-recovery_com
Nov  9 17:47:42 host lfd[723808]: *User Processing* PID:181436 Kill:0 User:seattlerecovery Time:71845 EXE:/opt/cpanel/ea-php83/root/usr/sbin/php-fpm CMD:php-fpm: pool seattle-recovery_com
Nov  9 17:47:43 host lfd[723808]: *User Processing* PID:289235 Kill:0 User:discodurocom Time:56117 EXE:/opt/cpanel/ea-php83/root/usr/sbin/php-fpm CMD:php-fpm: pool discoduro_com_mx
Nov  9 17:47:44 host lfd[723808]: *User Processing* PID:234561 Kill:0 User:virustreatment Time:64227 EXE:/opt/cpanel/ea-php83/root/usr/sbin/php-fpm CMD:php-fpm: pool virustreatmentcenters_com
Nov  9 17:47:44 host lfd[723808]: *User Processing* PID:116595 Kill:0 User:seattlerecovery Time:81584 EXE:/opt/cpanel/ea-php83/root/usr/sbin/php-fpm CMD:php-fpm: pool seattle-recovery_com
Nov  9 17:47:44 host lfd[723808]: *User Processing* PID:199319 Kill:0 User:seattlerecovery Time:69301 EXE:/opt/cpanel/ea-php83/root/usr/sbin/php-fpm CMD:php-fpm: pool seattle-recovery_com
Nov  9 17:47:45 host lfd[723808]: *User Processing* PID:232468 Kill:0 User:seattlerecovery Time:64560 EXE:/opt/cpanel/ea-php83/root/usr/sbin/php-fpm CMD:php-fpm: pool seattle-recovery_com
Nov  9 17:47:45 host lfd[723808]: *User Processing* PID:582737 Kill:0 User:revolutionarytec Time:12159 EXE:/opt/cpanel/ea-php83/root/usr/sbin/php-fpm CMD:php-fpm: pool revolutionarytechnology_net
Nov  9 17:47:45 host lfd[723808]: *User Processing* PID:232557 Kill:0 User:seattlerecovery Time:64551 EXE:/opt/cpanel/ea-php83/root/usr/sbin/php-fpm CMD:php-fpm: pool seattle-recovery_com
Nov  9 17:47:46 host lfd[723808]: *User Processing* PID:105081 Kill:0 User:seattlerecovery Time:83212 EXE:/opt/cpanel/ea-php83/root/usr/sbin/php-fpm CMD:php-fpm: pool seattle-recovery_com
Nov  9 17:47:46 host lfd[723808]: *User Processing* PID:202597 Kill:0 User:seattlerecovery Time:68773 EXE:/opt/cpanel/ea-php83/root/usr/sbin/php-fpm CMD:php-fpm: pool seattle-recovery_com
Nov  9 17:47:47 host lfd[723808]: *User Processing* PID:99883 Kill:0 User:seattlerecovery Time:83919 EXE:/opt/cpanel/ea-php83/root/usr/sbin/php-fpm CMD:php-fpm: pool seattle-recovery_com
Nov  9 17:47:47 host lfd[723808]: *User Processing* PID:413519 Kill:0 User:revolutionarytec Time:37514 EXE:/opt/cpanel/ea-php83/root/usr/sbin/php-fpm CMD:php-fpm: pool revolutionarytechnology_net
Nov  9 17:47:47 host lfd[723808]: *User Processing* PID:116834 Kill:0 User:seattlerecovery Time:81544 EXE:/opt/cpanel/ea-php83/root/usr/sbin/php-fpm CMD:php-fpm: pool seattle-recovery_com
Nov  9 17:47:48 host lfd[723808]: *User Processing* PID:187180 Kill:0 User:revolutionarytec Time:71045 EXE:/opt/cpanel/ea-php83/root/usr/sbin/php-fpm CMD:php-fpm: pool revolutionarytechnology_net
Nov  9 17:47:48 host lfd[723808]: *User Processing* PID:291553 Kill:0 User:virustreatment Time:55797 EXE:/opt/cpanel/ea-php83/root/usr/sbin/php-fpm CMD:php-fpm: pool virustreatmentcenters_com
Nov  9 17:47:49 host lfd[723808]: *User Processing* PID:289238 Kill:0 User:discodurocom Time:56117 EXE:/opt/cpanel/ea-php83/root/usr/sbin/php-fpm CMD:php-fpm: pool discoduro_com_mx
Nov  9 17:47:49 host lfd[723808]: *User Processing* PID:232732 Kill:0 User:seattlerecovery Time:64534 EXE:/opt/cpanel/ea-php83/root/usr/sbin/php-fpm CMD:php-fpm: pool seattle-recovery_com
Nov  9 17:47:49 host lfd[723808]: *User Processing* PID:232727 Kill:0 User:seattlerecovery Time:64534 EXE:/opt/cpanel/ea-php83/root/usr/sbin/php-fpm CMD:php-fpm: pool seattle-recovery_com
Nov  9 17:47:50 host lfd[723808]: *User Processing* PID:237996 Kill:0 User:virustreatment Time:63685 EXE:/opt/cpanel/ea-php83/root/usr/sbin/php-fpm CMD:php-fpm: pool virustreatmentcenters_com
Nov  9 17:47:51 host lfd[723808]: *User Processing* PID:232599 Kill:0 User:seattlerecovery Time:64546 EXE:/opt/cpanel/ea-php83/root/usr/sbin/php-fpm CMD:php-fpm: pool seattle-recovery_com
Nov  9 17:47:51 host lfd[723808]: *User Processing* PID:207841 Kill:0 User:seattlerecovery Time:68104 EXE:/opt/cpanel/ea-php83/root/usr/sbin/php-fpm CMD:php-fpm: pool seattle-recovery_com
Nov  9 17:47:52 host lfd[723808]: *User Processing* PID:99345 Kill:0 User:seattlerecovery Time:83999 EXE:/opt/cpanel/ea-php83/root/usr/sbin/php-fpm CMD:php-fpm: pool seattle-recovery_com
Nov  9 17:47:52 host lfd[723808]: *User Processing* PID:232432 Kill:0 User:seattlerecovery Time:64561 EXE:/opt/cpanel/ea-php83/root/usr/sbin/php-fpm CMD:php-fpm: pool seattle-recovery_com
Nov  9 17:47:53 host lfd[723808]: *User Processing* PID:186905 Kill:0 User:seattlerecovery Time:71090 EXE:/opt/cpanel/ea-php83/root/usr/sbin/php-fpm CMD:php-fpm: pool seattle-recovery_com
Nov  9 17:47:53 host lfd[723808]: *User Processing* PID:234542 Kill:0 User:virustreatment Time:64232 EXE:/opt/cpanel/ea-php83/root/usr/sbin/php-fpm CMD:php-fpm: pool virustreatmentcenters_com
Nov  9 17:47:54 host lfd[723808]: *User Processing* PID:186919 Kill:0 User:seattlerecovery Time:71086 EXE:/opt/cpanel/ea-php83/root/usr/sbin/php-fpm CMD:php-fpm: pool seattle-recovery_com
Nov  9 17:47:54 host lfd[723808]: *User Processing* PID:181596 Kill:0 User:seattlerecovery Time:71837 EXE:/opt/cpanel/ea-php83/root/usr/sbin/php-fpm CMD:php-fpm: pool seattle-recovery_com
Nov  9 17:47:54 host lfd[723808]: *User Processing* PID:232555 Kill:0 User:seattlerecovery Time:64551 EXE:/opt/cpanel/ea-php83/root/usr/sbin/php-fpm CMD:php-fpm: pool seattle-recovery_com
Nov  9 17:47:54 host lfd[723808]: *User Processing* PID:577359 Kill:0 User:revolutionarytec Time:12986 EXE:/opt/cpanel/ea-php83/root/usr/sbin/php-fpm CMD:php-fpm: pool revolutionarytechnology_net
Nov  9 17:47:54 host lfd[723808]: *User Processing* PID:232409 Kill:0 User:seattlerecovery Time:64563 EXE:/opt/cpanel/ea-php83/root/usr/sbin/php-fpm CMD:php-fpm: pool seattle-recovery_com
Nov  9 17:47:55 host lfd[723808]: *User Processing* PID:232726 Kill:0 User:seattlerecovery Time:64534 EXE:/opt/cpanel/ea-php83/root/usr/sbin/php-fpm CMD:php-fpm: pool seattle-recovery_com
Nov  9 17:47:55 host lfd[723808]: *User Processing* PID:156081 Kill:0 User:revolutionarytec Time:75681 EXE:/opt/cpanel/ea-php83/root/usr/sbin/php-fpm CMD:php-fpm: pool revolutionarytechnology_net
Nov  9 17:47:56 host lfd[723808]: *User Processing* PID:232545 Kill:0 User:seattlerecovery Time:64552 EXE:/opt/cpanel/ea-php83/root/usr/sbin/php-fpm CMD:php-fpm: pool seattle-recovery_com
Nov  9 17:47:56 host lfd[723808]: *User Processing* PID:47757 Kill:0 User:seattlerecovery Time:85318 EXE:/opt/cpanel/ea-php83/root/usr/sbin/php-fpm CMD:php-fpm: pool seattle-recovery_com
Nov  9 17:47:57 host lfd[723808]: *User Processing* PID:582900 Kill:0 User:virustreatment Time:12112 EXE:/opt/cpanel/ea-php83/root/usr/sbin/php-fpm CMD:php-fpm: pool virustreatmentcenters_com
Nov  9 17:47:57 host lfd[723808]: *User Processing* PID:232556 Kill:0 User:seattlerecovery Time:64551 EXE:/opt/cpanel/ea-php83/root/usr/sbin/php-fpm CMD:php-fpm: pool seattle-recovery_com
Nov  9 17:47:58 host lfd[723808]: *User Processing* PID:232554 Kill:0 User:seattlerecovery Time:64551 EXE:/opt/cpanel/ea-php83/root/usr/sbin/php-fpm CMD:php-fpm: pool seattle-recovery_com
Nov  9 17:47:58 host lfd[723808]: *User Processing* PID:194552 Kill:0 User:seattlerecovery Time:69989 EXE:/opt/cpanel/ea-php83/root/usr/sbin/php-fpm CMD:php-fpm: pool seattle-recovery_com
Nov  9 17:47:59 host lfd[723808]: *User Processing* PID:132304 Kill:0 User:virustreatment Time:79276 EXE:/opt/cpanel/ea-php83/root/usr/sbin/php-fpm CMD:php-fpm: pool virustreatmentcenters_com
Nov  9 17:47:59 host lfd[723808]: *User Processing* PID:99355 Kill:0 User:seattlerecovery Time:83997 EXE:/opt/cpanel/ea-php83/root/usr/sbin/php-fpm CMD:php-fpm: pool seattle-recovery_com
Nov  9 17:48:00 host lfd[723808]: *User Processing* PID:248628 Kill:0 User:revolutionarytec Time:62181 EXE:/opt/cpanel/ea-php83/root/usr/sbin/php-fpm CMD:php-fpm: pool revolutionarytechnology_net
Nov  9 17:48:00 host lfd[723808]: *User Processing* PID:207496 Kill:0 User:seattlerecovery Time:68162 EXE:/opt/cpanel/ea-php83/root/usr/sbin/php-fpm CMD:php-fpm: pool seattle-recovery_com
Nov  9 17:48:01 host lfd[723808]: *User Processing* PID:232728 Kill:0 User:seattlerecovery Time:64534 EXE:/opt/cpanel/ea-php83/root/usr/sbin/php-fpm CMD:php-fpm: pool seattle-recovery_com
Nov  9 17:48:01 host lfd[723808]: *User Processing* PID:289822 Kill:0 User:virustreatment Time:56006 EXE:/opt/cpanel/ea-php83/root/usr/sbin/php-fpm CMD:php-fpm: pool virustreatmentcenters_com
Nov  9 17:48:02 host lfd[723808]: *User Processing* PID:186904 Kill:0 User:seattlerecovery Time:71090 EXE:/opt/cpanel/ea-php83/root/usr/sbin/php-fpm CMD:php-fpm: pool seattle-recovery_com
Nov  9 17:48:02 host lfd[723808]: *User Processing* PID:96713 Kill:0 User:seattlerecovery Time:84378 EXE:/opt/cpanel/ea-php83/root/usr/sbin/php-fpm CMD:php-fpm: pool seattle-recovery_com
Nov  9 17:48:02 host lfd[723808]: *User Processing* PID:6597 Kill:0 User:seattlerecovery Time:85944 EXE:/opt/cpanel/ea-php83/root/usr/sbin/php-fpm CMD:php-fpm: pool seattle-recovery_com
Nov  9 17:48:02 host lfd[723808]: *User Processing* PID:95213 Kill:0 User:seattlerecovery Time:84554 EXE:/opt/cpanel/ea-php83/root/usr/sbin/php-fpm CMD:php-fpm: pool seattle-recovery_com
Nov  9 17:48:03 host lfd[723808]: *User Processing* PID:232439 Kill:0 User:seattlerecovery Time:64561 EXE:/opt/cpanel/ea-php83/root/usr/sbin/php-fpm CMD:php-fpm: pool seattle-recovery_com
Nov  9 17:48:03 host lfd[723808]: *User Processing* PID:106795 Kill:0 User:seattlerecovery Time:82967 EXE:/opt/cpanel/ea-php83/root/usr/sbin/php-fpm CMD:php-fpm: pool seattle-recovery_com
Nov  9 17:48:03 host lfd[723808]: *User Processing* PID:232493 Kill:0 User:seattlerecovery Time:64559 EXE:/opt/cpanel/ea-php83/root/usr/sbin/php-fpm CMD:php-fpm: pool seattle-recovery_com
Nov  9 17:48:04 host lfd[723808]: *User Processing* PID:620893 Kill:0 User:gundamsys Time:6375 EXE:/opt/cpanel/ea-php83/root/usr/sbin/php-fpm CMD:php-fpm: pool gundam_systems
Nov  9 17:48:04 host lfd[723808]: *User Processing* PID:224224 Kill:0 User:seattlerecovery Time:65763 EXE:/opt/cpanel/ea-php83/root/usr/sbin/php-fpm CMD:php-fpm: pool seattle-recovery_com
Nov  9 17:48:05 host lfd[723808]: *User Processing* PID:232731 Kill:0 User:seattlerecovery Time:64534 EXE:/opt/cpanel/ea-php83/root/usr/sbin/php-fpm CMD:php-fpm: pool seattle-recovery_com
Nov  9 17:48:05 host lfd[723808]: *User Processing* PID:232433 Kill:0 User:seattlerecovery Time:64561 EXE:/opt/cpanel/ea-php83/root/usr/sbin/php-fpm CMD:php-fpm: pool seattle-recovery_com
Nov  9 17:48:06 host lfd[723808]: *User Processing* PID:232414 Kill:0 User:seattlerecovery Time:64563 EXE:/opt/cpanel/ea-php83/root/usr/sbin/php-fpm CMD:php-fpm: pool seattle-recovery_com
Nov  9 17:48:06 host lfd[723808]: *User Processing* PID:215718 Kill:0 User:seattlerecovery Time:66930 EXE:/opt/cpanel/ea-php83/root/usr/sbin/php-fpm CMD:php-fpm: pool seattle-recovery_com
Nov  9 17:48:07 host lfd[723808]: *User Processing* PID:198825 Kill:0 User:seattlerecovery Time:69383 EXE:/opt/cpanel/ea-php83/root/usr/sbin/php-fpm CMD:php-fpm: pool seattle-recovery_com
Nov  9 17:48:07 host lfd[723808]: *User Processing* PID:46067 Kill:0 User:seattlerecovery Time:85328 EXE:/opt/cpanel/ea-php83/root/usr/sbin/php-fpm CMD:php-fpm: pool seattle-recovery_com
Nov  9 17:48:08 host lfd[723808]: *User Processing* PID:106519 Kill:0 User:seattlerecovery Time:83011 EXE:/opt/cpanel/ea-php83/root/usr/sbin/php-fpm CMD:php-fpm: pool seattle-recovery_com
Nov  9 17:48:09 host lfd[723808]: *User Processing* PID:291463 Kill:0 User:virustreatment Time:55809 EXE:/opt/cpanel/ea-php83/root/usr/sbin/php-fpm CMD:php-fpm: pool virustreatmentcenters_com
Nov  9 17:48:09 host lfd[723808]: *User Processing* PID:232730 Kill:0 User:seattlerecovery Time:64534 EXE:/opt/cpanel/ea-php83/root/usr/sbin/php-fpm CMD:php-fpm: pool seattle-recovery_com
Nov  9 17:48:10 host lfd[723808]: *User Processing* PID:586228 Kill:0 User:revolutionarytec Time:11721 EXE:/opt/cpanel/ea-php83/root/usr/sbin/php-fpm CMD:php-fpm: pool revolutionarytechnology_net
Nov  9 17:48:10 host lfd[723808]: *User Processing* PID:186584 Kill:0 User:seattlerecovery Time:71142 EXE:/opt/cpanel/ea-php83/root/usr/sbin/php-fpm CMD:php-fpm: pool seattle-recovery_com
Nov  9 17:49:17 host lfd[731176]: *Suspicious Process* PID:727240 PPID:1910 User:revolutionarytec Uptime:121 secs EXE:/opt/cpanel/ea-php84/root/usr/sbin/php-fpm CMD:php-fpm: pool configserver_shop
Nov  9 17:49:51 host lfd[732736]: *SSH login* from 10.0.1.94 into the root account using keyboard-interactive/pam authentication
Nov  9 17:51:17 host lfd[723779]: csf is currently restarting - command [/sbin/iptables --wait -L LOCALINPUT -n] skipped on line 3493
Nov  9 17:51:17 host lfd[736546]: csf is currently restarting - command [/usr/sbin/exim -bpc] skipped on line 3819
Nov  9 17:51:17 host lfd[736548]: *Suspicious File* /tmp/.esd-1000 [gcommand:gcommand (1000:1000)] - Suspicious directory
Nov  9 17:51:18 host lfd[736548]: *Suspicious File* /tmp/.esd-1046 [discodurocom:discodurocom (1046:1050)] - Suspicious directory
Nov  9 17:51:18 host lfd[736548]: *Suspicious File* /tmp/.spamassassin2377XNsgqCtmp [nobody:nobody (65534:65534)] - Suspicious directory
Nov  9 17:51:19 host lfd[736548]: *Suspicious File* /tmp/.spamassassin2377XNsgqCtmp/.spamassassin [nobody:nobody (65534:65534)] - Suspicious directory
Nov  9 17:51:19 host lfd[736548]: *Suspicious File* /tmp/.spamassassin3354775CuQGDAtmp [nobody:nobody (65534:65534)] - Suspicious directory
Nov  9 17:51:20 host lfd[736548]: *Suspicious File* /tmp/.spamassassin3354775CuQGDAtmp/.spamassassin [nobody:nobody (65534:65534)] - Suspicious directory
Nov  9 17:51:21 host lfd[736548]: *Suspicious File* /tmp/.esd-1020 [gundamnews:gundamnews (1020:1022)] - Suspicious directory
Nov  9 17:51:21 host lfd[736548]: *Suspicious File* /tmp/.spamassassin40261cqWqVStmp [nobody:nobody (65534:65534)] - Suspicious directory
Nov  9 17:51:22 host lfd[736548]: *Suspicious File* /tmp/.spamassassin40261cqWqVStmp/.spamassassin [nobody:nobody (65534:65534)] - Suspicious directory
Nov  9 17:51:22 host lfd[736548]: *Suspicious File* /tmp/.spamassassin47214xHOtCAtmp [nobody:nobody (65534:65534)] - Suspicious directory
Nov  9 17:51:23 host lfd[736548]: Too many hits for *LF_DIRWATCH* - Directory Watching disabled
Nov  9 17:51:24 host lfd[736545]: csf is currently restarting - section [BLOCKLIST] skipped
